2022-11-28 05:01:41,452 [DEBUG] CloudFormation client initialized with endpoint https://cloudformation.us-east-1.amazonaws.com
2022-11-28 05:01:41,452 [DEBUG] SQS client initialized with endpoint https://sqs.us-east-1.amazonaws.com
2022-11-28 05:01:41,452 [DEBUG] CloudFormation client initialized with endpoint https://cloudformation.us-east-1.amazonaws.com
2022-11-28 05:01:41,452 [DEBUG] Enabled single threading mode.
2022-11-28 05:01:41,453 [DEBUG] Creating /var/lib/cfn-hup/data
2022-11-28 05:01:41,497 [INFO] No umask value specified in config file. Using the default one: 0o22
2022-11-28 05:02:10,775 [ERROR] ConnectionError
Traceback (most recent call last):
  File "/usr/lib/python3.7/site-packages/cfnbootstrap/packages/requests/packages/urllib3/connectionpool.py", line 706, in urlopen
    chunked=chunked,
  File "/usr/lib/python3.7/site-packages/cfnbootstrap/packages/requests/packages/urllib3/connectionpool.py", line 382, in _make_request
    self._validate_conn(conn)
  File "/usr/lib/python3.7/site-packages/cfnbootstrap/packages/requests/packages/urllib3/connectionpool.py", line 1010, in _validate_conn
    conn.connect()
  File "/usr/lib/python3.7/site-packages/cfnbootstrap/packages/requests/packages/urllib3/connection.py", line 421, in connect
    tls_in_tls=tls_in_tls,
  File "/usr/lib/python3.7/site-packages/cfnbootstrap/packages/requests/packages/urllib3/util/ssl_.py", line 429, in ssl_wrap_socket
    sock, context, tls_in_tls, server_hostname=server_hostname
  File "/usr/lib/python3.7/site-packages/cfnbootstrap/packages/requests/packages/urllib3/util/ssl_.py", line 472, in _ssl_wrap_socket_impl
    return ssl_context.wrap_socket(sock, server_hostname=server_hostname)
  File "/usr/lib64/python3.7/ssl.py", line 423, in wrap_socket
    session=session
  File "/usr/lib64/python3.7/ssl.py", line 870, in _create
    self.do_handshake()
  File "/usr/lib64/python3.7/ssl.py", line 1139, in do_handshake
    self._sslobj.do_handshake()
ssl.SSLZeroReturnError: TLS/SSL connection has been closed (EOF) (_ssl.c:1091)

During handling of the above exception, another exception occurred:

Traceback (most recent call last):
  File "/usr/lib/python3.7/site-packages/cfnbootstrap/packages/requests/adapters.py", line 370, in send
    timeout=timeout
  File "/usr/lib/python3.7/site-packages/cfnbootstrap/packages/requests/packages/urllib3/connectionpool.py", line 756, in urlopen
    method, url, error=e, _pool=self, _stacktrace=sys.exc_info()[2]
  File "/usr/lib/python3.7/site-packages/cfnbootstrap/packages/requests/packages/urllib3/util/retry.py", line 573, in increment
    raise MaxRetryError(_pool, url, error or ResponseError(cause))
cfnbootstrap.packages.requests.packages.urllib3.exceptions.MaxRetryError: HTTPSConnectionPool(host='cloudformation.us-east-1.amazonaws.com', port=443): Max retries exceeded with url: /?Action=RegisterListener&StackName=arn%3Aaws%3Acloudformation%3Aus-east-1%3A344508626519%3Astack%2Fawseb-e-bmin35wex8-stack%2F8bbbc250-6ed9-11ed-9b0a-0ab858f14c8d&ContentType=JSON (Caused by SSLError(SSLZeroReturnError(6, 'TLS/SSL connection has been closed (EOF) (_ssl.c:1091)')))

During handling of the above exception, another exception occurred:

Traceback (most recent call last):
  File "/usr/lib/python3.7/site-packages/cfnbootstrap/util.py", line 189, in _retry
    return f(*args, **kwargs)
  File "/usr/lib/python3.7/site-packages/cfnbootstrap/util.py", line 266, in _timeout
    raise exc[0]
  File "/usr/lib/python3.7/site-packages/cfnbootstrap/util.py", line 251, in value_fn
    ret_val.append(f(*args, **kwargs))
  File "/usr/lib/python3.7/site-packages/cfnbootstrap/cfn_client.py", line 155, in register_listener
    return Listener(self._call(params, request_credentials=request_credentials))
  File "/usr/lib/python3.7/site-packages/cfnbootstrap/aws_client.py", line 254, in _call
    return self._make_request(*req, timeout=timeout)
  File "/usr/lib/python3.7/site-packages/cfnbootstrap/aws_client.py", line 266, in _make_request
    'timeout': timeout
  File "/usr/lib/python3.7/site-packages/cfnbootstrap/packages/requests/api.py", line 50, in request
    response = session.request(method=method, url=url, **kwargs)
  File "/usr/lib/python3.7/site-packages/cfnbootstrap/packages/requests/sessions.py", line 464, in request
    resp = self.send(prep, **send_kwargs)
  File "/usr/lib/python3.7/site-packages/cfnbootstrap/packages/requests/sessions.py", line 576, in send
    r = adapter.send(request, **kwargs)
  File "/usr/lib/python3.7/site-packages/cfnbootstrap/packages/requests/adapters.py", line 424, in send
    raise ConnectionError(e, request=request)
cfnbootstrap.packages.requests.exceptions.ConnectionError: HTTPSConnectionPool(host='cloudformation.us-east-1.amazonaws.com', port=443): Max retries exceeded with url: /?Action=RegisterListener&StackName=arn%3Aaws%3Acloudformation%3Aus-east-1%3A344508626519%3Astack%2Fawseb-e-bmin35wex8-stack%2F8bbbc250-6ed9-11ed-9b0a-0ab858f14c8d&ContentType=JSON (Caused by SSLError(SSLZeroReturnError(6, 'TLS/SSL connection has been closed (EOF) (_ssl.c:1091)')))
2022-11-28 05:02:11,736 [INFO] Refreshing listener credentials
2022-11-28 05:02:11,817 [INFO] Scheduling next credential refresh in 1799.0 seconds
2022-11-28 05:02:55,356 [INFO] Received command ElasticBeanstalkCommand-AWSEBAutoScalingGroup (invocation id: 84631bf6-075e-4a6d-bd27-56baafbabb32)
2022-11-28 05:02:55,356 [INFO] Running action for aws-eb-command-handler
2022-11-28 05:03:24,493 [INFO] Action for aws-eb-command-handler succeeded, returning SUCCESS
2022-11-28 05:06:44,867 [INFO] command processing is alive.
2022-11-28 05:08:15,054 [INFO] Received command ElasticBeanstalkCommand-AWSEBAutoScalingGroup (invocation id: fd018ae5-1343-463d-97c8-5459c4d151a9)
2022-11-28 05:08:15,054 [INFO] Running action for aws-eb-command-handler
2022-11-28 05:08:16,037 [INFO] Action for aws-eb-command-handler succeeded, returning SUCCESS
2022-11-28 05:08:54,906 [INFO] Received command ElasticBeanstalkCommand-AWSEBAutoScalingGroup (invocation id: b313a775-c508-461e-bb42-c65c61ce49f7)
2022-11-28 05:08:54,907 [INFO] Running action for aws-eb-command-handler
2022-11-28 05:08:55,863 [INFO] Action for aws-eb-command-handler succeeded, returning SUCCESS
2022-11-28 05:11:07,868 [INFO] Received command ElasticBeanstalkCommand-AWSEBAutoScalingGroup (invocation id: 43ad5038-e30b-4d8c-b42d-ced8d9092565)
2022-11-28 05:11:07,869 [INFO] Running action for aws-eb-command-handler
2022-11-28 05:11:08,724 [INFO] Action for aws-eb-command-handler succeeded, returning SUCCESS
2022-11-28 05:11:48,852 [INFO] command processing is alive.
2022-11-28 05:16:49,401 [INFO] command processing is alive.
2022-11-28 05:21:49,935 [INFO] command processing is alive.
2022-11-28 05:26:50,411 [INFO] command processing is alive.
2022-11-28 05:31:50,849 [INFO] command processing is alive.
2022-11-28 05:32:10,818 [INFO] Refreshing listener credentials
2022-11-28 05:32:10,916 [INFO] Scheduling next credential refresh in 1799.0 seconds
2022-11-28 05:36:51,303 [INFO] command processing is alive.
2022-11-28 05:41:51,772 [INFO] command processing is alive.
2022-11-28 05:46:52,194 [INFO] command processing is alive.
2022-11-28 05:51:52,602 [INFO] command processing is alive.
2022-11-28 05:56:53,014 [INFO] command processing is alive.
2022-11-28 06:01:53,410 [INFO] command processing is alive.
2022-11-28 06:02:09,917 [INFO] Refreshing listener credentials
2022-11-28 06:02:10,026 [INFO] Scheduling next credential refresh in 1799.0 seconds
2022-11-28 06:06:53,846 [INFO] command processing is alive.
2022-11-28 06:11:54,423 [INFO] command processing is alive.
2022-11-28 06:16:54,830 [INFO] command processing is alive.
2022-11-28 06:21:55,349 [INFO] command processing is alive.
2022-11-28 06:26:55,760 [INFO] command processing is alive.
2022-11-28 06:31:56,176 [INFO] command processing is alive.
2022-11-28 06:32:09,026 [INFO] Refreshing listener credentials
2022-11-28 06:32:09,108 [INFO] Scheduling next credential refresh in 1799.0 seconds
2022-11-28 06:36:56,649 [INFO] command processing is alive.
2022-11-28 06:41:57,190 [INFO] command processing is alive.
2022-11-28 06:46:57,609 [INFO] command processing is alive.
2022-11-28 06:51:58,026 [INFO] command processing is alive.
2022-11-28 06:56:58,435 [INFO] command processing is alive.
2022-11-28 07:01:58,877 [INFO] command processing is alive.
2022-11-28 07:02:08,109 [INFO] Refreshing listener credentials
2022-11-28 07:02:08,189 [INFO] Scheduling next credential refresh in 1799.0 seconds
2022-11-28 07:06:59,282 [INFO] command processing is alive.
2022-11-28 07:11:59,691 [INFO] command processing is alive.
2022-11-28 07:17:00,142 [INFO] command processing is alive.
2022-11-28 07:22:00,567 [INFO] command processing is alive.
2022-11-28 07:27:00,989 [INFO] command processing is alive.
2022-11-28 07:32:01,448 [INFO] command processing is alive.
2022-11-28 07:32:07,189 [INFO] Refreshing listener credentials
2022-11-28 07:32:07,268 [INFO] Scheduling next credential refresh in 1799.0 seconds
2022-11-28 07:37:02,011 [INFO] command processing is alive.
2022-11-28 07:42:02,424 [INFO] command processing is alive.
2022-11-28 07:47:02,873 [INFO] command processing is alive.
2022-11-28 07:52:03,280 [INFO] command processing is alive.
2022-11-28 07:57:03,878 [INFO] command processing is alive.
2022-11-28 08:02:04,532 [INFO] command processing is alive.
2022-11-28 08:02:06,269 [INFO] Refreshing listener credentials
2022-11-28 08:02:06,350 [INFO] Scheduling next credential refresh in 1799.0 seconds
2022-11-28 08:07:04,959 [INFO] command processing is alive.
2022-11-28 08:12:05,475 [INFO] command processing is alive.
2022-11-28 08:17:05,967 [INFO] command processing is alive.
2022-11-28 08:22:06,516 [INFO] command processing is alive.
2022-11-28 08:27:06,926 [INFO] command processing is alive.
2022-11-28 08:32:05,350 [INFO] Refreshing listener credentials
2022-11-28 08:32:05,439 [INFO] Scheduling next credential refresh in 1799.0 seconds
2022-11-28 08:32:07,357 [INFO] command processing is alive.
2022-11-28 08:37:07,777 [INFO] command processing is alive.
2022-11-28 08:42:08,286 [INFO] command processing is alive.
2022-11-28 08:47:08,713 [INFO] command processing is alive.
2022-11-28 08:52:09,214 [INFO] command processing is alive.
2022-11-28 08:57:09,716 [INFO] command processing is alive.
2022-11-28 09:02:04,439 [INFO] Refreshing listener credentials
2022-11-28 09:02:04,528 [INFO] Scheduling next credential refresh in 1799.0 seconds
2022-11-28 09:02:10,186 [INFO] command processing is alive.
2022-11-28 09:07:10,617 [INFO] command processing is alive.
2022-11-28 09:12:11,016 [INFO] command processing is alive.
2022-11-28 09:17:11,440 [INFO] command processing is alive.
2022-11-28 09:22:11,891 [INFO] command processing is alive.
2022-11-28 09:27:12,293 [INFO] command processing is alive.
2022-11-28 09:32:03,528 [INFO] Refreshing listener credentials
2022-11-28 09:32:03,624 [INFO] Scheduling next credential refresh in 1799.0 seconds
2022-11-28 09:32:12,798 [INFO] command processing is alive.
2022-11-28 09:37:13,321 [INFO] command processing is alive.
2022-11-28 09:42:13,844 [INFO] command processing is alive.
2022-11-28 09:47:14,248 [INFO] command processing is alive.
2022-11-28 09:52:14,669 [INFO] command processing is alive.
2022-11-28 09:57:15,072 [INFO] command processing is alive.
2022-11-28 10:02:02,625 [INFO] Refreshing listener credentials
2022-11-28 10:02:02,728 [INFO] Scheduling next credential refresh in 1799.0 seconds
2022-11-28 10:02:15,510 [INFO] command processing is alive.
2022-11-28 10:07:16,033 [INFO] command processing is alive.
2022-11-28 10:12:16,503 [INFO] command processing is alive.
2022-11-28 10:17:16,895 [INFO] command processing is alive.
2022-11-28 10:22:17,395 [INFO] command processing is alive.
2022-11-28 10:27:17,802 [INFO] command processing is alive.
2022-11-28 10:32:01,729 [INFO] Refreshing listener credentials
2022-11-28 10:32:01,884 [INFO] Scheduling next credential refresh in 1799.0 seconds
2022-11-28 10:32:18,288 [INFO] command processing is alive.
2022-11-28 10:37:18,977 [INFO] command processing is alive.
2022-11-28 10:42:19,387 [INFO] command processing is alive.
2022-11-28 10:47:19,810 [INFO] command processing is alive.
2022-11-28 10:52:20,250 [INFO] command processing is alive.
2022-11-28 10:57:20,750 [INFO] command processing is alive.
2022-11-28 11:02:00,884 [INFO] Refreshing listener credentials
2022-11-28 11:02:00,970 [INFO] Scheduling next credential refresh in 1799.0 seconds
2022-11-28 11:02:21,182 [INFO] command processing is alive.
2022-11-28 11:07:21,715 [INFO] command processing is alive.
2022-11-28 11:12:22,142 [INFO] command processing is alive.
2022-11-28 11:17:22,651 [INFO] command processing is alive.
2022-11-28 11:22:23,077 [INFO] command processing is alive.
2022-11-28 11:27:23,485 [INFO] command processing is alive.
2022-11-28 11:31:59,971 [INFO] Refreshing listener credentials
2022-11-28 11:32:00,052 [INFO] Scheduling next credential refresh in 1799.0 seconds
2022-11-28 11:32:23,890 [INFO] command processing is alive.
2022-11-28 11:37:24,385 [INFO] command processing is alive.
2022-11-28 11:42:24,890 [INFO] command processing is alive.
2022-11-28 11:47:25,440 [INFO] command processing is alive.
2022-11-28 11:52:25,926 [INFO] command processing is alive.
2022-11-28 11:57:26,344 [INFO] command processing is alive.
2022-11-28 12:01:59,053 [INFO] Refreshing listener credentials
2022-11-28 12:01:59,132 [INFO] Scheduling next credential refresh in 1799.0 seconds
2022-11-28 12:02:26,805 [INFO] command processing is alive.
2022-11-28 12:07:27,454 [INFO] command processing is alive.
2022-11-28 12:12:28,018 [INFO] command processing is alive.
2022-11-28 12:17:28,489 [INFO] command processing is alive.
2022-11-28 12:22:29,020 [INFO] command processing is alive.
2022-11-28 12:27:29,501 [INFO] command processing is alive.
2022-11-28 12:31:58,133 [INFO] Refreshing listener credentials
2022-11-28 12:31:58,213 [INFO] Scheduling next credential refresh in 1799.0 seconds
2022-11-28 12:32:30,015 [INFO] command processing is alive.
2022-11-28 12:37:30,440 [INFO] command processing is alive.
2022-11-28 12:42:30,862 [INFO] command processing is alive.
2022-11-28 12:47:31,280 [INFO] command processing is alive.
2022-11-28 12:52:31,695 [INFO] command processing is alive.
2022-11-28 12:57:32,103 [INFO] command processing is alive.
2022-11-28 13:01:57,213 [INFO] Refreshing listener credentials
2022-11-28 13:01:57,298 [INFO] Scheduling next credential refresh in 1799.0 seconds
2022-11-28 13:02:32,649 [INFO] command processing is alive.
2022-11-28 13:07:33,136 [INFO] command processing is alive.
2022-11-28 13:12:33,663 [INFO] command processing is alive.
2022-11-28 13:17:34,143 [INFO] command processing is alive.
2022-11-28 13:22:34,553 [INFO] command processing is alive.
2022-11-28 13:27:34,963 [INFO] command processing is alive.
2022-11-28 13:31:56,299 [INFO] Refreshing listener credentials
2022-11-28 13:31:56,379 [INFO] Scheduling next credential refresh in 1799.0 seconds
2022-11-28 13:32:35,467 [INFO] command processing is alive.
2022-11-28 13:37:35,932 [INFO] command processing is alive.
2022-11-28 13:42:36,358 [INFO] command processing is alive.
2022-11-28 13:47:36,849 [INFO] command processing is alive.
2022-11-28 13:52:37,345 [INFO] command processing is alive.
2022-11-28 13:57:37,770 [INFO] command processing is alive.
2022-11-28 14:01:55,380 [INFO] Refreshing listener credentials
2022-11-28 14:01:55,480 [INFO] Scheduling next credential refresh in 1799.0 seconds
2022-11-28 14:02:38,205 [INFO] command processing is alive.
2022-11-28 14:07:38,678 [INFO] command processing is alive.
2022-11-28 14:12:39,137 [INFO] command processing is alive.
2022-11-28 14:17:39,590 [INFO] command processing is alive.
2022-11-28 14:22:40,200 [INFO] command processing is alive.
2022-11-28 14:27:40,748 [INFO] command processing is alive.
2022-11-28 14:31:54,480 [INFO] Refreshing listener credentials
2022-11-28 14:31:54,563 [INFO] Scheduling next credential refresh in 1799.0 seconds
2022-11-28 14:32:41,167 [INFO] command processing is alive.
2022-11-28 14:37:41,593 [INFO] command processing is alive.
2022-11-28 14:42:42,062 [INFO] command processing is alive.
2022-11-28 14:47:42,674 [INFO] command processing is alive.
2022-11-28 14:52:43,109 [INFO] command processing is alive.
2022-11-28 14:57:43,562 [INFO] command processing is alive.
2022-11-28 15:01:53,564 [INFO] Refreshing listener credentials
2022-11-28 15:01:53,654 [INFO] Scheduling next credential refresh in 1799.0 seconds
2022-11-28 15:02:44,076 [INFO] command processing is alive.
2022-11-28 15:07:44,513 [INFO] command processing is alive.
2022-11-28 15:12:44,984 [INFO] command processing is alive.
2022-11-28 15:17:45,410 [INFO] command processing is alive.
2022-11-28 15:22:45,842 [INFO] command processing is alive.
2022-11-28 15:27:46,285 [INFO] command processing is alive.
2022-11-28 15:31:52,655 [INFO] Refreshing listener credentials
2022-11-28 15:31:52,746 [INFO] Scheduling next credential refresh in 1799.0 seconds
2022-11-28 15:32:46,714 [INFO] command processing is alive.
2022-11-28 15:37:47,147 [INFO] command processing is alive.
2022-11-28 15:42:47,662 [INFO] command processing is alive.
2022-11-28 15:47:48,111 [INFO] command processing is alive.
2022-11-28 15:52:48,541 [INFO] command processing is alive.
2022-11-28 15:57:49,073 [INFO] command processing is alive.
2022-11-28 16:01:51,747 [INFO] Refreshing listener credentials
2022-11-28 16:01:51,828 [INFO] Scheduling next credential refresh in 1799.0 seconds
2022-11-28 16:02:49,554 [INFO] command processing is alive.
2022-11-28 16:07:49,988 [INFO] command processing is alive.
2022-11-28 16:12:50,536 [INFO] command processing is alive.
2022-11-28 16:17:50,956 [INFO] command processing is alive.
2022-11-28 16:22:51,577 [INFO] command processing is alive.
2022-11-28 16:27:52,095 [INFO] command processing is alive.
2022-11-28 16:31:50,829 [INFO] Refreshing listener credentials
2022-11-28 16:31:50,914 [INFO] Scheduling next credential refresh in 1799.0 seconds
2022-11-28 16:32:52,543 [INFO] command processing is alive.
2022-11-28 16:37:52,972 [INFO] command processing is alive.
2022-11-28 16:42:53,558 [INFO] command processing is alive.
2022-11-28 16:47:54,103 [INFO] command processing is alive.
2022-11-28 16:52:54,754 [INFO] command processing is alive.
2022-11-28 16:57:55,160 [INFO] command processing is alive.
2022-11-28 17:01:49,915 [INFO] Refreshing listener credentials
2022-11-28 17:01:50,024 [INFO] Scheduling next credential refresh in 1799.0 seconds
2022-11-28 17:02:55,621 [INFO] command processing is alive.
2022-11-28 17:07:56,266 [INFO] command processing is alive.
2022-11-28 17:12:56,890 [INFO] command processing is alive.
2022-11-28 17:17:57,322 [INFO] command processing is alive.
2022-11-28 17:22:57,739 [INFO] command processing is alive.
2022-11-28 17:27:58,261 [INFO] command processing is alive.
2022-11-28 17:31:49,024 [INFO] Refreshing listener credentials
2022-11-28 17:31:49,103 [INFO] Scheduling next credential refresh in 1799.0 seconds
2022-11-28 17:32:58,797 [INFO] command processing is alive.
2022-11-28 17:37:59,222 [INFO] command processing is alive.
2022-11-28 17:42:59,742 [INFO] command processing is alive.
2022-11-28 17:48:00,163 [INFO] command processing is alive.
2022-11-28 17:53:00,672 [INFO] command processing is alive.
2022-11-28 17:58:01,095 [INFO] command processing is alive.
2022-11-28 18:01:48,104 [INFO] Refreshing listener credentials
2022-11-28 18:01:48,184 [INFO] Scheduling next credential refresh in 1799.0 seconds
2022-11-28 18:03:01,536 [INFO] command processing is alive.
2022-11-28 18:08:02,164 [INFO] command processing is alive.
2022-11-28 18:13:02,584 [INFO] command processing is alive.
2022-11-28 18:18:03,022 [INFO] command processing is alive.
2022-11-28 18:23:03,654 [INFO] command processing is alive.
2022-11-28 18:28:04,169 [INFO] command processing is alive.
2022-11-28 18:31:47,185 [INFO] Refreshing listener credentials
2022-11-28 18:31:47,274 [INFO] Scheduling next credential refresh in 1799.0 seconds
2022-11-28 18:33:04,656 [INFO] command processing is alive.
2022-11-28 18:38:05,070 [INFO] command processing is alive.
2022-11-28 18:43:05,576 [INFO] command processing is alive.
2022-11-28 18:48:06,252 [INFO] command processing is alive.
2022-11-28 18:53:06,715 [INFO] command processing is alive.
2022-11-28 18:58:07,250 [INFO] command processing is alive.
2022-11-28 19:01:46,275 [INFO] Refreshing listener credentials
2022-11-28 19:01:46,392 [INFO] Scheduling next credential refresh in 1799.0 seconds
2022-11-28 19:03:07,736 [INFO] command processing is alive.
2022-11-28 19:08:08,164 [INFO] command processing is alive.
2022-11-28 19:13:08,573 [INFO] command processing is alive.
2022-11-28 19:18:09,120 [INFO] command processing is alive.
2022-11-28 19:23:09,596 [INFO] command processing is alive.
2022-11-28 19:28:10,088 [INFO] command processing is alive.
2022-11-28 19:31:45,392 [INFO] Refreshing listener credentials
2022-11-28 19:31:45,492 [INFO] Scheduling next credential refresh in 1799.0 seconds
2022-11-28 19:33:10,507 [INFO] command processing is alive.
2022-11-28 19:38:10,929 [INFO] command processing is alive.
2022-11-28 19:43:11,369 [INFO] command processing is alive.
2022-11-28 19:48:11,819 [INFO] command processing is alive.
2022-11-28 19:53:12,319 [INFO] command processing is alive.
2022-11-28 19:58:12,751 [INFO] command processing is alive.
2022-11-28 20:01:44,492 [INFO] Refreshing listener credentials
2022-11-28 20:01:44,583 [INFO] Scheduling next credential refresh in 1799.0 seconds
2022-11-28 20:03:13,242 [INFO] command processing is alive.
2022-11-28 20:08:13,690 [INFO] command processing is alive.
2022-11-28 20:13:14,126 [INFO] command processing is alive.
2022-11-28 20:18:14,586 [INFO] command processing is alive.
2022-11-28 20:23:15,176 [INFO] command processing is alive.
2022-11-28 20:28:15,596 [INFO] command processing is alive.
2022-11-28 20:31:43,583 [INFO] Refreshing listener credentials
2022-11-28 20:31:43,672 [INFO] Scheduling next credential refresh in 1799.0 seconds
2022-11-28 20:33:16,092 [INFO] command processing is alive.
2022-11-28 20:38:16,522 [INFO] command processing is alive.
2022-11-28 20:43:16,944 [INFO] command processing is alive.
2022-11-28 20:48:17,355 [INFO] command processing is alive.
2022-11-28 20:53:17,786 [INFO] command processing is alive.
2022-11-28 20:58:18,231 [INFO] command processing is alive.
2022-11-28 21:01:42,672 [INFO] Refreshing listener credentials
2022-11-28 21:01:42,753 [INFO] Scheduling next credential refresh in 1799.0 seconds
2022-11-28 21:03:18,768 [INFO] command processing is alive.
2022-11-28 21:08:19,179 [INFO] command processing is alive.
2022-11-28 21:13:19,593 [INFO] command processing is alive.
2022-11-28 21:18:20,062 [INFO] command processing is alive.
2022-11-28 21:23:20,494 [INFO] command processing is alive.
2022-11-28 21:28:20,929 [INFO] command processing is alive.
2022-11-28 21:31:41,753 [INFO] Refreshing listener credentials
2022-11-28 21:31:41,832 [INFO] Scheduling next credential refresh in 1799.0 seconds
2022-11-28 21:33:21,466 [INFO] command processing is alive.
2022-11-28 21:38:21,977 [INFO] command processing is alive.
2022-11-28 21:43:22,415 [INFO] command processing is alive.
2022-11-28 21:48:22,846 [INFO] command processing is alive.
2022-11-28 21:53:23,473 [INFO] command processing is alive.
2022-11-28 21:58:23,888 [INFO] command processing is alive.
2022-11-28 22:01:40,832 [INFO] Refreshing listener credentials
2022-11-28 22:01:40,919 [INFO] Scheduling next credential refresh in 1799.0 seconds
2022-11-28 22:03:24,382 [INFO] command processing is alive.
2022-11-28 22:08:24,911 [INFO] command processing is alive.
2022-11-28 22:13:25,444 [INFO] command processing is alive.
2022-11-28 22:18:25,867 [INFO] command processing is alive.
2022-11-28 22:23:26,320 [INFO] command processing is alive.
2022-11-28 22:28:26,824 [INFO] command processing is alive.
2022-11-28 22:29:11,847 [INFO] Received command ElasticBeanstalkCommand-AWSEBAutoScalingGroup (invocation id: 8eea5e1f-21ec-4147-9fbd-713629b42731)
2022-11-28 22:29:11,847 [INFO] Running action for aws-eb-command-handler
